<?xml version="1.0" encoding="UTF-8"?>
<testng-results ignored="0" total="1" passed="1" failed="0" skipped="0">
  <reporter-output>
  </reporter-output>
  <suite started-at="2022-05-17T18:26:25 IST" name="Suite" finished-at="2022-05-17T18:26:31 IST" duration-ms="5862">
    <groups>
    </groups>
    <test started-at="2022-05-17T18:26:25 IST" name="Test" finished-at="2022-05-17T18:26:31 IST" duration-ms="5862">
      <class name="test.ProSec">
        <test-method signature="Test1()[pri:0, instance:test.ProSec@72cde7cc]" started-at="2022-05-17T18:26:25 IST" name="Test1" finished-at="2022-05-17T18:26:31 IST" duration-ms="5806" status="PASS">
          <reporter-output>
          </reporter-output>
        </test-method> <!-- Test1 -->
      </class> <!-- test.ProSec -->
    </test> <!-- Test -->
  </suite> <!-- Suite -->
</testng-results>
